Determining if the pthread_create exist failed with the following output:
Change Dir: /home/huan/git/octomap_cuda/octomap_ros/build/CMakeFiles/CMakeTmp

Run Build Command:"/usr/bin/make" "cmTC_e60ad/fast"
/usr/bin/make -f CMakeFiles/cmTC_e60ad.dir/build.make CMakeFiles/cmTC_e60ad.dir/build
make[1]: Entering directory '/home/huan/git/octomap_cuda/octomap_ros/build/CMakeFiles/CMakeTmp'
Building C object CMakeFiles/cmTC_e60ad.dir/CheckSymbolExists.c.o
/usr/bin/cc     -o CMakeFiles/cmTC_e60ad.dir/CheckSymbolExists.c.o   -c /home/huan/git/octomap_cuda/octomap_ros/build/CMakeFiles/CMakeTmp/CheckSymbolExists.c
Linking C executable cmTC_e60ad
/usr/bin/cmake -E cmake_link_script CMakeFiles/cmTC_e60ad.dir/link.txt --verbose=1
/usr/bin/cc       CMakeFiles/cmTC_e60ad.dir/CheckSymbolExists.c.o  -o cmTC_e60ad -rdynamic 
CMakeFiles/cmTC_e60ad.dir/CheckSymbolExists.c.o: In function `main':
CheckSymbolExists.c:(.text+0x16): undefined reference to `pthread_create'
collect2: error: ld returned 1 exit status
CMakeFiles/cmTC_e60ad.dir/build.make:97: recipe for target 'cmTC_e60ad' failed
make[1]: *** [cmTC_e60ad] Error 1
make[1]: Leaving directory '/home/huan/git/octomap_cuda/octomap_ros/build/CMakeFiles/CMakeTmp'
Makefile:126: recipe for target 'cmTC_e60ad/fast' failed
make: *** [cmTC_e60ad/fast] Error 2

File /home/huan/git/octomap_cuda/octomap_ros/build/CMakeFiles/CMakeTmp/CheckSymbolExists.c:
/* */
#include <pthread.h>

int main(int argc, char** argv)
{
  (void)argv;
#ifndef pthread_create
  return ((int*)(&pthread_create))[argc];
#else
  (void)argc;
  return 0;
#endif
}

Determining if the function pthread_create exists in the pthreads failed with the following output:
Change Dir: /home/huan/git/octomap_cuda/octomap_ros/build/CMakeFiles/CMakeTmp

Run Build Command:"/usr/bin/make" "cmTC_dc7e9/fast"
/usr/bin/make -f CMakeFiles/cmTC_dc7e9.dir/build.make CMakeFiles/cmTC_dc7e9.dir/build
make[1]: Entering directory '/home/huan/git/octomap_cuda/octomap_ros/build/CMakeFiles/CMakeTmp'
Building C object CMakeFiles/cmTC_dc7e9.dir/CheckFunctionExists.c.o
/usr/bin/cc    -DCHECK_FUNCTION_EXISTS=pthread_create   -o CMakeFiles/cmTC_dc7e9.dir/CheckFunctionExists.c.o   -c /usr/share/cmake-3.5/Modules/CheckFunctionExists.c
Linking C executable cmTC_dc7e9
/usr/bin/cmake -E cmake_link_script CMakeFiles/cmTC_dc7e9.dir/link.txt --verbose=1
/usr/bin/cc   -DCHECK_FUNCTION_EXISTS=pthread_create    CMakeFiles/cmTC_dc7e9.dir/CheckFunctionExists.c.o  -o cmTC_dc7e9 -rdynamic -lpthreads 
/usr/bin/ld: cannot find -lpthreads
collect2: error: ld returned 1 exit status
CMakeFiles/cmTC_dc7e9.dir/build.make:97: recipe for target 'cmTC_dc7e9' failed
make[1]: *** [cmTC_dc7e9] Error 1
make[1]: Leaving directory '/home/huan/git/octomap_cuda/octomap_ros/build/CMakeFiles/CMakeTmp'
Makefile:126: recipe for target 'cmTC_dc7e9/fast' failed
make: *** [cmTC_dc7e9/fast] Error 2


