Determining if the pthread_create exist failed with the following output:
Change Dir: /home/huan/git/octomap_cuda/genmsg/build/CMakeFiles/CMakeTmp

Run Build Command:"/usr/bin/make" "cmTC_1762b/fast"
/usr/bin/make -f CMakeFiles/cmTC_1762b.dir/build.make CMakeFiles/cmTC_1762b.dir/build
make[1]: Entering directory '/home/huan/git/octomap_cuda/genmsg/build/CMakeFiles/CMakeTmp'
Building C object CMakeFiles/cmTC_1762b.dir/CheckSymbolExists.c.o
/usr/bin/cc     -o CMakeFiles/cmTC_1762b.dir/CheckSymbolExists.c.o   -c /home/huan/git/octomap_cuda/genmsg/build/CMakeFiles/CMakeTmp/CheckSymbolExists.c
Linking C executable cmTC_1762b
/usr/bin/cmake -E cmake_link_script CMakeFiles/cmTC_1762b.dir/link.txt --verbose=1
/usr/bin/cc       CMakeFiles/cmTC_1762b.dir/CheckSymbolExists.c.o  -o cmTC_1762b -rdynamic 
CMakeFiles/cmTC_1762b.dir/CheckSymbolExists.c.o: In function `main':
CheckSymbolExists.c:(.text+0x16): undefined reference to `pthread_create'
collect2: error: ld returned 1 exit status
CMakeFiles/cmTC_1762b.dir/build.make:97: recipe for target 'cmTC_1762b' failed
make[1]: *** [cmTC_1762b] Error 1
make[1]: Leaving directory '/home/huan/git/octomap_cuda/genmsg/build/CMakeFiles/CMakeTmp'
Makefile:126: recipe for target 'cmTC_1762b/fast' failed
make: *** [cmTC_1762b/fast] Error 2

File /home/huan/git/octomap_cuda/genmsg/build/CMakeFiles/CMakeTmp/CheckSymbolExists.c:
/* */
#include <pthread.h>

int main(int argc, char** argv)
{
  (void)argv;
#ifndef pthread_create
  return ((int*)(&pthread_create))[argc];
#else
  (void)argc;
  return 0;
#endif
}

Determining if the function pthread_create exists in the pthreads failed with the following output:
Change Dir: /home/huan/git/octomap_cuda/genmsg/build/CMakeFiles/CMakeTmp

Run Build Command:"/usr/bin/make" "cmTC_abf73/fast"
/usr/bin/make -f CMakeFiles/cmTC_abf73.dir/build.make CMakeFiles/cmTC_abf73.dir/build
make[1]: Entering directory '/home/huan/git/octomap_cuda/genmsg/build/CMakeFiles/CMakeTmp'
Building C object CMakeFiles/cmTC_abf73.dir/CheckFunctionExists.c.o
/usr/bin/cc    -DCHECK_FUNCTION_EXISTS=pthread_create   -o CMakeFiles/cmTC_abf73.dir/CheckFunctionExists.c.o   -c /usr/share/cmake-3.5/Modules/CheckFunctionExists.c
Linking C executable cmTC_abf73
/usr/bin/cmake -E cmake_link_script CMakeFiles/cmTC_abf73.dir/link.txt --verbose=1
/usr/bin/cc   -DCHECK_FUNCTION_EXISTS=pthread_create    CMakeFiles/cmTC_abf73.dir/CheckFunctionExists.c.o  -o cmTC_abf73 -rdynamic -lpthreads 
/usr/bin/ld: cannot find -lpthreads
collect2: error: ld returned 1 exit status
CMakeFiles/cmTC_abf73.dir/build.make:97: recipe for target 'cmTC_abf73' failed
make[1]: *** [cmTC_abf73] Error 1
make[1]: Leaving directory '/home/huan/git/octomap_cuda/genmsg/build/CMakeFiles/CMakeTmp'
Makefile:126: recipe for target 'cmTC_abf73/fast' failed
make: *** [cmTC_abf73/fast] Error 2


